
*** Running vivado
    with args -log basys3.vds -m64 -product Vivado -mode batch -messageDb vivado.pb -notrace -source basys3.tcl


****** Vivado v2016.4 (64-bit)
  **** SW Build 1756540 on Mon Jan 23 19:11:23 MST 2017
  **** IP Build 1755317 on Mon Jan 23 20:30:07 MST 2017
    ** Copyright 1986-2016 Xilinx, Inc. All Rights Reserved.

source basys3.tcl -notrace
Command: synth_design -top basys3 -part xc7a35tcpg236-1
Starting synth_design
Attempting to get a license for feature 'Synthesis' and/or device 'xc7a35t'
INFO: [Common 17-349] Got license for feature 'Synthesis' and/or device 'xc7a35t'
INFO: Launching helper process for spawning children vivado processes
INFO: Helper process launched with PID 1316 
---------------------------------------------------------------------------------
Starting RTL Elaboration : Time (s): cpu = 00:00:04 ; elapsed = 00:00:05 . Memory (MB): peak = 285.484 ; gain = 76.156
---------------------------------------------------------------------------------
INFO: [Synth 8-638] synthesizing module 'basys3' [C:/Users/mara_/Desktop/ssc/incercare_proiect/incercare_proiect.srcs/sources_1/new/basys3.vhd:43]
INFO: [Synth 8-638] synthesizing module 'TestbenchSelector' [C:/Users/mara_/Desktop/ssc/incercare_proiect/incercare_proiect.srcs/sources_1/new/TestbenchSelector.vhd:40]
INFO: [Synth 8-638] synthesizing module 'tb_prag' [C:/Users/mara_/Desktop/ssc/incercare_proiect/incercare_proiect.srcs/sources_1/new/tb_prag.vhd:45]
INFO: [Synth 8-3491] module 'FiltruPragAxi4' declared at 'C:/Users/mara_/Desktop/ssc/incercare_proiect/incercare_proiect.srcs/sources_1/new/FiltruPragAxi4.vhd:36' bound to instance 'dut' of component 'FiltruPragAxi4' [C:/Users/mara_/Desktop/ssc/incercare_proiect/incercare_proiect.srcs/sources_1/new/tb_prag.vhd:78]
INFO: [Synth 8-638] synthesizing module 'FiltruPragAxi4' [C:/Users/mara_/Desktop/ssc/incercare_proiect/incercare_proiect.srcs/sources_1/new/FiltruPragAxi4.vhd:51]
INFO: [Synth 8-256] done synthesizing module 'FiltruPragAxi4' (1#1) [C:/Users/mara_/Desktop/ssc/incercare_proiect/incercare_proiect.srcs/sources_1/new/FiltruPragAxi4.vhd:51]
WARNING: [Synth 8-614] signal 'sel' is read in the process but is not in the sensitivity list [C:/Users/mara_/Desktop/ssc/incercare_proiect/incercare_proiect.srcs/sources_1/new/tb_prag.vhd:92]
INFO: [Synth 8-256] done synthesizing module 'tb_prag' (2#1) [C:/Users/mara_/Desktop/ssc/incercare_proiect/incercare_proiect.srcs/sources_1/new/tb_prag.vhd:45]
INFO: [Synth 8-638] synthesizing module 'tb_medie' [C:/Users/mara_/Desktop/ssc/incercare_proiect/incercare_proiect.srcs/sources_1/new/tb_medie.vhd:45]
WARNING: [Synth 8-312] ignoring unsynthesizable construct: extra waveform elements [C:/Users/mara_/Desktop/ssc/incercare_proiect/incercare_proiect.srcs/sources_1/new/tb_medie.vhd:92]
INFO: [Synth 8-3491] module 'FiltruDeMedie' declared at 'C:/Users/mara_/Desktop/ssc/incercare_proiect/incercare_proiect.srcs/sources_1/new/FiltruDeMedie.vhd:36' bound to instance 'dut' of component 'FiltruDeMedie' [C:/Users/mara_/Desktop/ssc/incercare_proiect/incercare_proiect.srcs/sources_1/new/tb_medie.vhd:105]
INFO: [Synth 8-638] synthesizing module 'FiltruDeMedie' [C:/Users/mara_/Desktop/ssc/incercare_proiect/incercare_proiect.srcs/sources_1/new/FiltruDeMedie.vhd:65]
INFO: [Synth 8-3491] module 'fifo' declared at 'C:/Users/mara_/Desktop/ssc/incercare_proiect/incercare_proiect.runs/synth_1/.Xil/Vivado-22116-LAPTOP-ASSSQ5HL/realtime/fifo_stub.vhdl:5' bound to instance 'fifo_in_1' of component 'fifo' [C:/Users/mara_/Desktop/ssc/incercare_proiect/incercare_proiect.srcs/sources_1/new/FiltruDeMedie.vhd:154]
INFO: [Synth 8-638] synthesizing module 'fifo' [C:/Users/mara_/Desktop/ssc/incercare_proiect/incercare_proiect.runs/synth_1/.Xil/Vivado-22116-LAPTOP-ASSSQ5HL/realtime/fifo_stub.vhdl:22]
INFO: [Synth 8-3491] module 'fifo' declared at 'C:/Users/mara_/Desktop/ssc/incercare_proiect/incercare_proiect.runs/synth_1/.Xil/Vivado-22116-LAPTOP-ASSSQ5HL/realtime/fifo_stub.vhdl:5' bound to instance 'fifo_in_2' of component 'fifo' [C:/Users/mara_/Desktop/ssc/incercare_proiect/incercare_proiect.srcs/sources_1/new/FiltruDeMedie.vhd:169]
INFO: [Synth 8-3491] module 'fifo' declared at 'C:/Users/mara_/Desktop/ssc/incercare_proiect/incercare_proiect.runs/synth_1/.Xil/Vivado-22116-LAPTOP-ASSSQ5HL/realtime/fifo_stub.vhdl:5' bound to instance 'fifo_in_3' of component 'fifo' [C:/Users/mara_/Desktop/ssc/incercare_proiect/incercare_proiect.srcs/sources_1/new/FiltruDeMedie.vhd:183]
INFO: [Synth 8-3491] module 'sumatorAxi4' declared at 'C:/Users/mara_/Desktop/ssc/incercare_proiect/incercare_proiect.srcs/sources_1/new/sumatorAxi4.vhd:36' bound to instance 'sumator1' of component 'sumatorAxi4' [C:/Users/mara_/Desktop/ssc/incercare_proiect/incercare_proiect.srcs/sources_1/new/FiltruDeMedie.vhd:199]
INFO: [Synth 8-638] synthesizing module 'sumatorAxi4' [C:/Users/mara_/Desktop/ssc/incercare_proiect/incercare_proiect.srcs/sources_1/new/sumatorAxi4.vhd:58]
INFO: [Synth 8-256] done synthesizing module 'sumatorAxi4' (3#1) [C:/Users/mara_/Desktop/ssc/incercare_proiect/incercare_proiect.srcs/sources_1/new/sumatorAxi4.vhd:58]
INFO: [Synth 8-3491] module 'fifo' declared at 'C:/Users/mara_/Desktop/ssc/incercare_proiect/incercare_proiect.runs/synth_1/.Xil/Vivado-22116-LAPTOP-ASSSQ5HL/realtime/fifo_stub.vhdl:5' bound to instance 'fifo_in_5' of component 'fifo' [C:/Users/mara_/Desktop/ssc/incercare_proiect/incercare_proiect.srcs/sources_1/new/FiltruDeMedie.vhd:220]
INFO: [Synth 8-3491] module 'sumatorAxi4' declared at 'C:/Users/mara_/Desktop/ssc/incercare_proiect/incercare_proiect.srcs/sources_1/new/sumatorAxi4.vhd:36' bound to instance 'sumator2' of component 'sumatorAxi4' [C:/Users/mara_/Desktop/ssc/incercare_proiect/incercare_proiect.srcs/sources_1/new/FiltruDeMedie.vhd:235]
INFO: [Synth 8-3491] module 'fifo' declared at 'C:/Users/mara_/Desktop/ssc/incercare_proiect/incercare_proiect.runs/synth_1/.Xil/Vivado-22116-LAPTOP-ASSSQ5HL/realtime/fifo_stub.vhdl:5' bound to instance 'fifo_in_6' of component 'fifo' [C:/Users/mara_/Desktop/ssc/incercare_proiect/incercare_proiect.srcs/sources_1/new/FiltruDeMedie.vhd:256]
INFO: [Synth 8-3491] module 'fifo' declared at 'C:/Users/mara_/Desktop/ssc/incercare_proiect/incercare_proiect.runs/synth_1/.Xil/Vivado-22116-LAPTOP-ASSSQ5HL/realtime/fifo_stub.vhdl:5' bound to instance 'fif0_in_4' of component 'fifo' [C:/Users/mara_/Desktop/ssc/incercare_proiect/incercare_proiect.srcs/sources_1/new/FiltruDeMedie.vhd:270]
INFO: [Synth 8-3491] module 'sumatorAxi4' declared at 'C:/Users/mara_/Desktop/ssc/incercare_proiect/incercare_proiect.srcs/sources_1/new/sumatorAxi4.vhd:36' bound to instance 'sumator3' of component 'sumatorAxi4' [C:/Users/mara_/Desktop/ssc/incercare_proiect/incercare_proiect.srcs/sources_1/new/FiltruDeMedie.vhd:285]
INFO: [Synth 8-3491] module 'fifo' declared at 'C:/Users/mara_/Desktop/ssc/incercare_proiect/incercare_proiect.runs/synth_1/.Xil/Vivado-22116-LAPTOP-ASSSQ5HL/realtime/fifo_stub.vhdl:5' bound to instance 'fifo_in_7' of component 'fifo' [C:/Users/mara_/Desktop/ssc/incercare_proiect/incercare_proiect.srcs/sources_1/new/FiltruDeMedie.vhd:305]
INFO: [Synth 8-3491] module 'fifo' declared at 'C:/Users/mara_/Desktop/ssc/incercare_proiect/incercare_proiect.runs/synth_1/.Xil/Vivado-22116-LAPTOP-ASSSQ5HL/realtime/fifo_stub.vhdl:5' bound to instance 'fifo_in_8' of component 'fifo' [C:/Users/mara_/Desktop/ssc/incercare_proiect/incercare_proiect.srcs/sources_1/new/FiltruDeMedie.vhd:320]
INFO: [Synth 8-3491] module 'dividerAxi4' declared at 'C:/Users/mara_/Desktop/ssc/incercare_proiect/incercare_proiect.srcs/sources_1/new/dividerAxi4.vhd:38' bound to instance 'div' of component 'dividerAxi4' [C:/Users/mara_/Desktop/ssc/incercare_proiect/incercare_proiect.srcs/sources_1/new/FiltruDeMedie.vhd:335]
INFO: [Synth 8-638] synthesizing module 'dividerAxi4' [C:/Users/mara_/Desktop/ssc/incercare_proiect/incercare_proiect.srcs/sources_1/new/dividerAxi4.vhd:57]
INFO: [Synth 8-256] done synthesizing module 'dividerAxi4' (4#1) [C:/Users/mara_/Desktop/ssc/incercare_proiect/incercare_proiect.srcs/sources_1/new/dividerAxi4.vhd:57]
INFO: [Synth 8-3491] module 'fifo' declared at 'C:/Users/mara_/Desktop/ssc/incercare_proiect/incercare_proiect.runs/synth_1/.Xil/Vivado-22116-LAPTOP-ASSSQ5HL/realtime/fifo_stub.vhdl:5' bound to instance 'fifo_out' of component 'fifo' [C:/Users/mara_/Desktop/ssc/incercare_proiect/incercare_proiect.srcs/sources_1/new/FiltruDeMedie.vhd:353]
INFO: [Synth 8-3491] module 'fifo' declared at 'C:/Users/mara_/Desktop/ssc/incercare_proiect/incercare_proiect.runs/synth_1/.Xil/Vivado-22116-LAPTOP-ASSSQ5HL/realtime/fifo_stub.vhdl:5' bound to instance 'fifo_out2' of component 'fifo' [C:/Users/mara_/Desktop/ssc/incercare_proiect/incercare_proiect.srcs/sources_1/new/FiltruDeMedie.vhd:368]
WARNING: [Synth 8-3848] Net cout1_tvalid in module/entity FiltruDeMedie does not have driver. [C:/Users/mara_/Desktop/ssc/incercare_proiect/incercare_proiect.srcs/sources_1/new/FiltruDeMedie.vhd:132]
WARNING: [Synth 8-3848] Net cout2_tvalid in module/entity FiltruDeMedie does not have driver. [C:/Users/mara_/Desktop/ssc/incercare_proiect/incercare_proiect.srcs/sources_1/new/FiltruDeMedie.vhd:132]
WARNING: [Synth 8-3848] Net cout3_tvalid in module/entity FiltruDeMedie does not have driver. [C:/Users/mara_/Desktop/ssc/incercare_proiect/incercare_proiect.srcs/sources_1/new/FiltruDeMedie.vhd:132]
INFO: [Synth 8-256] done synthesizing module 'FiltruDeMedie' (5#1) [C:/Users/mara_/Desktop/ssc/incercare_proiect/incercare_proiect.srcs/sources_1/new/FiltruDeMedie.vhd:65]
WARNING: [Synth 8-614] signal 'sel' is read in the process but is not in the sensitivity list [C:/Users/mara_/Desktop/ssc/incercare_proiect/incercare_proiect.srcs/sources_1/new/tb_medie.vhd:133]
WARNING: [Synth 8-614] signal 'aclk' is read in the process but is not in the sensitivity list [C:/Users/mara_/Desktop/ssc/incercare_proiect/incercare_proiect.srcs/sources_1/new/tb_medie.vhd:133]
INFO: [Synth 8-256] done synthesizing module 'tb_medie' (6#1) [C:/Users/mara_/Desktop/ssc/incercare_proiect/incercare_proiect.srcs/sources_1/new/tb_medie.vhd:45]
INFO: [Synth 8-638] synthesizing module 'tb_interpolare' [C:/Users/mara_/Desktop/ssc/incercare_proiect/incercare_proiect.srcs/sources_1/new/tb_interpolare.vhd:45]
WARNING: [Synth 8-312] ignoring unsynthesizable construct: extra waveform elements [C:/Users/mara_/Desktop/ssc/incercare_proiect/incercare_proiect.srcs/sources_1/new/tb_interpolare.vhd:92]
INFO: [Synth 8-3491] module 'InterpolareLagrange' declared at 'C:/Users/mara_/Desktop/ssc/incercare_proiect/incercare_proiect.srcs/sources_1/new/InterpolareLagrange.vhd:34' bound to instance 'dut' of component 'InterpolareLagrange' [C:/Users/mara_/Desktop/ssc/incercare_proiect/incercare_proiect.srcs/sources_1/new/tb_interpolare.vhd:105]
INFO: [Synth 8-638] synthesizing module 'InterpolareLagrange' [C:/Users/mara_/Desktop/ssc/incercare_proiect/incercare_proiect.srcs/sources_1/new/InterpolareLagrange.vhd:60]
INFO: [Synth 8-3491] module 'fifo' declared at 'C:/Users/mara_/Desktop/ssc/incercare_proiect/incercare_proiect.runs/synth_1/.Xil/Vivado-22116-LAPTOP-ASSSQ5HL/realtime/fifo_stub.vhdl:5' bound to instance 'fif0_in_1' of component 'fifo' [C:/Users/mara_/Desktop/ssc/incercare_proiect/incercare_proiect.srcs/sources_1/new/InterpolareLagrange.vhd:177]
INFO: [Synth 8-3491] module 'fifo' declared at 'C:/Users/mara_/Desktop/ssc/incercare_proiect/incercare_proiect.runs/synth_1/.Xil/Vivado-22116-LAPTOP-ASSSQ5HL/realtime/fifo_stub.vhdl:5' bound to instance 'fifo_in_2' of component 'fifo' [C:/Users/mara_/Desktop/ssc/incercare_proiect/incercare_proiect.srcs/sources_1/new/InterpolareLagrange.vhd:192]
INFO: [Synth 8-3491] module 'fifo' declared at 'C:/Users/mara_/Desktop/ssc/incercare_proiect/incercare_proiect.runs/synth_1/.Xil/Vivado-22116-LAPTOP-ASSSQ5HL/realtime/fifo_stub.vhdl:5' bound to instance 'fifo_in_3' of component 'fifo' [C:/Users/mara_/Desktop/ssc/incercare_proiect/incercare_proiect.srcs/sources_1/new/InterpolareLagrange.vhd:206]
INFO: [Synth 8-3491] module 'fifo' declared at 'C:/Users/mara_/Desktop/ssc/incercare_proiect/incercare_proiect.runs/synth_1/.Xil/Vivado-22116-LAPTOP-ASSSQ5HL/realtime/fifo_stub.vhdl:5' bound to instance 'fif0_in_4' of component 'fifo' [C:/Users/mara_/Desktop/ssc/incercare_proiect/incercare_proiect.srcs/sources_1/new/InterpolareLagrange.vhd:221]
INFO: [Synth 8-3491] module 'fifo' declared at 'C:/Users/mara_/Desktop/ssc/incercare_proiect/incercare_proiect.runs/synth_1/.Xil/Vivado-22116-LAPTOP-ASSSQ5HL/realtime/fifo_stub.vhdl:5' bound to instance 'fif0_in_5' of component 'fifo' [C:/Users/mara_/Desktop/ssc/incercare_proiect/incercare_proiect.srcs/sources_1/new/InterpolareLagrange.vhd:235]
INFO: [Synth 8-3491] module 'scazator' declared at 'C:/Users/mara_/Desktop/ssc/incercare_proiect/incercare_proiect.srcs/sources_1/new/scazator.vhd:36' bound to instance 'sca1' of component 'scazator' [C:/Users/mara_/Desktop/ssc/incercare_proiect/incercare_proiect.srcs/sources_1/new/InterpolareLagrange.vhd:250]
INFO: [Synth 8-638] synthesizing module 'scazator' [C:/Users/mara_/Desktop/ssc/incercare_proiect/incercare_proiect.srcs/sources_1/new/scazator.vhd:51]
INFO: [Synth 8-256] done synthesizing module 'scazator' (7#1) [C:/Users/mara_/Desktop/ssc/incercare_proiect/incercare_proiect.srcs/sources_1/new/scazator.vhd:51]
INFO: [Synth 8-3491] module 'scazator' declared at 'C:/Users/mara_/Desktop/ssc/incercare_proiect/incercare_proiect.srcs/sources_1/new/scazator.vhd:36' bound to instance 'sca2' of component 'scazator' [C:/Users/mara_/Desktop/ssc/incercare_proiect/incercare_proiect.srcs/sources_1/new/InterpolareLagrange.vhd:264]
INFO: [Synth 8-3491] module 'scazator' declared at 'C:/Users/mara_/Desktop/ssc/incercare_proiect/incercare_proiect.srcs/sources_1/new/scazator.vhd:36' bound to instance 'sca3' of component 'scazator' [C:/Users/mara_/Desktop/ssc/incercare_proiect/incercare_proiect.srcs/sources_1/new/InterpolareLagrange.vhd:278]
INFO: [Synth 8-3491] module 'scazator' declared at 'C:/Users/mara_/Desktop/ssc/incercare_proiect/incercare_proiect.srcs/sources_1/new/scazator.vhd:36' bound to instance 'sca4' of component 'scazator' [C:/Users/mara_/Desktop/ssc/incercare_proiect/incercare_proiect.srcs/sources_1/new/InterpolareLagrange.vhd:292]
INFO: [Synth 8-3491] module 'fifo' declared at 'C:/Users/mara_/Desktop/ssc/incercare_proiect/incercare_proiect.runs/synth_1/.Xil/Vivado-22116-LAPTOP-ASSSQ5HL/realtime/fifo_stub.vhdl:5' bound to instance 'fifo6' of component 'fifo' [C:/Users/mara_/Desktop/ssc/incercare_proiect/incercare_proiect.srcs/sources_1/new/InterpolareLagrange.vhd:306]
INFO: [Synth 8-3491] module 'fifo' declared at 'C:/Users/mara_/Desktop/ssc/incercare_proiect/incercare_proiect.runs/synth_1/.Xil/Vivado-22116-LAPTOP-ASSSQ5HL/realtime/fifo_stub.vhdl:5' bound to instance 'fifo7' of component 'fifo' [C:/Users/mara_/Desktop/ssc/incercare_proiect/incercare_proiect.srcs/sources_1/new/InterpolareLagrange.vhd:321]
INFO: [Synth 8-3491] module 'fifo' declared at 'C:/Users/mara_/Desktop/ssc/incercare_proiect/incercare_proiect.runs/synth_1/.Xil/Vivado-22116-LAPTOP-ASSSQ5HL/realtime/fifo_stub.vhdl:5' bound to instance 'fifo8' of component 'fifo' [C:/Users/mara_/Desktop/ssc/incercare_proiect/incercare_proiect.srcs/sources_1/new/InterpolareLagrange.vhd:336]
INFO: [Synth 8-3491] module 'fifo' declared at 'C:/Users/mara_/Desktop/ssc/incercare_proiect/incercare_proiect.runs/synth_1/.Xil/Vivado-22116-LAPTOP-ASSSQ5HL/realtime/fifo_stub.vhdl:5' bound to instance 'fifo9' of component 'fifo' [C:/Users/mara_/Desktop/ssc/incercare_proiect/incercare_proiect.srcs/sources_1/new/InterpolareLagrange.vhd:351]
INFO: [Synth 8-3491] module 'dividerAxi4' declared at 'C:/Users/mara_/Desktop/ssc/incercare_proiect/incercare_proiect.srcs/sources_1/new/dividerAxi4.vhd:38' bound to instance 'divi1' of component 'dividerAxi4' [C:/Users/mara_/Desktop/ssc/incercare_proiect/incercare_proiect.srcs/sources_1/new/InterpolareLagrange.vhd:366]
INFO: [Synth 8-3491] module 'dividerAxi4' declared at 'C:/Users/mara_/Desktop/ssc/incercare_proiect/incercare_proiect.srcs/sources_1/new/dividerAxi4.vhd:38' bound to instance 'divi2' of component 'dividerAxi4' [C:/Users/mara_/Desktop/ssc/incercare_proiect/incercare_proiect.srcs/sources_1/new/InterpolareLagrange.vhd:384]
INFO: [Synth 8-3491] module 'fifo' declared at 'C:/Users/mara_/Desktop/ssc/incercare_proiect/incercare_proiect.runs/synth_1/.Xil/Vivado-22116-LAPTOP-ASSSQ5HL/realtime/fifo_stub.vhdl:5' bound to instance 'fifo10' of component 'fifo' [C:/Users/mara_/Desktop/ssc/incercare_proiect/incercare_proiect.srcs/sources_1/new/InterpolareLagrange.vhd:402]
INFO: [Synth 8-3491] module 'fifo' declared at 'C:/Users/mara_/Desktop/ssc/incercare_proiect/incercare_proiect.runs/synth_1/.Xil/Vivado-22116-LAPTOP-ASSSQ5HL/realtime/fifo_stub.vhdl:5' bound to instance 'fifo11' of component 'fifo' [C:/Users/mara_/Desktop/ssc/incercare_proiect/incercare_proiect.srcs/sources_1/new/InterpolareLagrange.vhd:417]
INFO: [Synth 8-3491] module 'multiplication' declared at 'C:/Users/mara_/Desktop/ssc/incercare_proiect/incercare_proiect.srcs/sources_1/new/multiplication_axi4.vhd:36' bound to instance 'mult1' of component 'multiplication' [C:/Users/mara_/Desktop/ssc/incercare_proiect/incercare_proiect.srcs/sources_1/new/InterpolareLagrange.vhd:432]
INFO: [Synth 8-638] synthesizing module 'multiplication' [C:/Users/mara_/Desktop/ssc/incercare_proiect/incercare_proiect.srcs/sources_1/new/multiplication_axi4.vhd:52]
INFO: [Synth 8-256] done synthesizing module 'multiplication' (8#1) [C:/Users/mara_/Desktop/ssc/incercare_proiect/incercare_proiect.srcs/sources_1/new/multiplication_axi4.vhd:52]
INFO: [Synth 8-3491] module 'multiplication' declared at 'C:/Users/mara_/Desktop/ssc/incercare_proiect/incercare_proiect.srcs/sources_1/new/multiplication_axi4.vhd:36' bound to instance 'mult2' of component 'multiplication' [C:/Users/mara_/Desktop/ssc/incercare_proiect/incercare_proiect.srcs/sources_1/new/InterpolareLagrange.vhd:447]
INFO: [Synth 8-3491] module 'fifo' declared at 'C:/Users/mara_/Desktop/ssc/incercare_proiect/incercare_proiect.runs/synth_1/.Xil/Vivado-22116-LAPTOP-ASSSQ5HL/realtime/fifo_stub.vhdl:5' bound to instance 'fifo12' of component 'fifo' [C:/Users/mara_/Desktop/ssc/incercare_proiect/incercare_proiect.srcs/sources_1/new/InterpolareLagrange.vhd:462]
INFO: [Synth 8-3491] module 'fifo' declared at 'C:/Users/mara_/Desktop/ssc/incercare_proiect/incercare_proiect.runs/synth_1/.Xil/Vivado-22116-LAPTOP-ASSSQ5HL/realtime/fifo_stub.vhdl:5' bound to instance 'fifo13' of component 'fifo' [C:/Users/mara_/Desktop/ssc/incercare_proiect/incercare_proiect.srcs/sources_1/new/InterpolareLagrange.vhd:477]
INFO: [Synth 8-3491] module 'sumatorNou' declared at 'C:/Users/mara_/Desktop/ssc/incercare_proiect/incercare_proiect.srcs/sources_1/new/sumatorNou.vhd:36' bound to instance 'adder1' of component 'sumatorNou' [C:/Users/mara_/Desktop/ssc/incercare_proiect/incercare_proiect.srcs/sources_1/new/InterpolareLagrange.vhd:492]
INFO: [Synth 8-638] synthesizing module 'sumatorNou' [C:/Users/mara_/Desktop/ssc/incercare_proiect/incercare_proiect.srcs/sources_1/new/sumatorNou.vhd:51]
INFO: [Synth 8-256] done synthesizing module 'sumatorNou' (9#1) [C:/Users/mara_/Desktop/ssc/incercare_proiect/incercare_proiect.srcs/sources_1/new/sumatorNou.vhd:51]
INFO: [Synth 8-3491] module 'fifo' declared at 'C:/Users/mara_/Desktop/ssc/incercare_proiect/incercare_proiect.runs/synth_1/.Xil/Vivado-22116-LAPTOP-ASSSQ5HL/realtime/fifo_stub.vhdl:5' bound to instance 'fifo_out' of component 'fifo' [C:/Users/mara_/Desktop/ssc/incercare_proiect/incercare_proiect.srcs/sources_1/new/InterpolareLagrange.vhd:506]
WARNING: [Synth 8-3848] Net r2_tready in module/entity InterpolareLagrange does not have driver. [C:/Users/mara_/Desktop/ssc/incercare_proiect/incercare_proiect.srcs/sources_1/new/InterpolareLagrange.vhd:169]
WARNING: [Synth 8-3848] Net r1_tready in module/entity InterpolareLagrange does not have driver. [C:/Users/mara_/Desktop/ssc/incercare_proiect/incercare_proiect.srcs/sources_1/new/InterpolareLagrange.vhd:169]
INFO: [Synth 8-256] done synthesizing module 'InterpolareLagrange' (10#1) [C:/Users/mara_/Desktop/ssc/incercare_proiect/incercare_proiect.srcs/sources_1/new/InterpolareLagrange.vhd:60]
ERROR: [Synth 8-27] access type dereference not supported [C:/Users/mara_/Desktop/ssc/incercare_proiect/incercare_proiect.srcs/sources_1/new/tb_interpolare.vhd:165]
WARNING: [Synth 8-614] signal 'aclk' is read in the process but is not in the sensitivity list [C:/Users/mara_/Desktop/ssc/incercare_proiect/incercare_proiect.srcs/sources_1/new/tb_interpolare.vhd:130]
ERROR: [Synth 8-285] failed synthesizing module 'tb_interpolare' [C:/Users/mara_/Desktop/ssc/incercare_proiect/incercare_proiect.srcs/sources_1/new/tb_interpolare.vhd:45]
ERROR: [Synth 8-285] failed synthesizing module 'TestbenchSelector' [C:/Users/mara_/Desktop/ssc/incercare_proiect/incercare_proiect.srcs/sources_1/new/TestbenchSelector.vhd:40]
ERROR: [Synth 8-285] failed synthesizing module 'basys3' [C:/Users/mara_/Desktop/ssc/incercare_proiect/incercare_proiect.srcs/sources_1/new/basys3.vhd:43]
---------------------------------------------------------------------------------
Finished RTL Elaboration : Time (s): cpu = 00:00:05 ; elapsed = 00:00:06 . Memory (MB): peak = 323.922 ; gain = 114.594
---------------------------------------------------------------------------------
RTL Elaboration failed
INFO: [Common 17-83] Releasing license: Synthesis
79 Infos, 11 Warnings, 0 Critical Warnings and 5 Errors encountered.
synth_design failed
ERROR: [Common 17-69] Command failed: Synthesis failed - please see the console or run log file for details
INFO: [Common 17-206] Exiting Vivado at Sun Jan 14 21:26:34 2024...
