Unable to capture context for thread 22912 in process 18672, can not generate back trace
Unable to capture context for thread 22676 in process 18672, can not generate back trace
Unable to capture context for thread 20832 in process 18672, can not generate back trace
Unable to capture context for thread 6164 in process 18672, can not generate back trace
Exception at PC 0x00007FFB85BECF19
Unable to capture context for thread 22912 in process 18672, can not generate back trace
Unable to capture context for thread 6164 in process 18672, can not generate back trace
Exception at PC 0x00007FFAA72CBB93
Printing stacktrace...

Exception at PC 0x00007FFB85BECF19
Exception at PC 0x00007FFB85BECF19
Exception at PC 0x00007FFB85BECF19
Exception at PC 0x00007FFB85BECF19
Exception at PC 0x00007FFB85BECF19
Exception at PC 0x00007FFB85BECF19
Exception at PC 0x00007FFB85BECF19
Exception at PC 0x00007FFB85BECF19
Exception at PC 0x00007FFB85BECF19
[0]  [0x00007FFAA72CBB93]
[1]  [0x00007FFAA72CBB93]
[2]  [0x00007FFAA72CB4A1]
[3]  [0x00007FFAA72CB3EF]
[4]  [0x00007FFAA72B19FE]
[5]  [0x00007FFAA72B0ED1]
[6]  [0x00007FFAA72B0D76]
[7]  [0x00007FFAA72579F6]
[8]  [0x00007FFAA7247AFB]
[9]  [0x00007FFAA736E90A]
[10]  [0x00007FFAA7389F87]
[11]  [0x00007FFAA738A05F]
[12] (BaseThreadInitThunk+0x14) [0x00007FFB87D97344]
[13] (RtlUserThreadStart+0x21) [0x00007FFB87F626B1]
Done
Exception at PC 0x00007FFB85BECF19
Exception at PC 0x00007FFB85BECF19
Exception at PC 0x00007FFB85BECF19
Exception at PC 0x00007FFB85BECF19
Exception at PC 0x00007FFB85BECF19
Exception at PC 0x00007FFB85BECF19
Exception at PC 0x00007FFB85BECF19
Exception at PC 0x00007FFB85BECF19
